<?xml version="1.0" encoding="UTF-8"?>
<!-- Generated by org.testng.reporters.JUnitReportReporter -->
<testsuite hostname="LAPTOP-VFKJ2SC9" failures="0" tests="1" name="Selenium.tests.ErrorValidations" time="0.633" errors="0" timestamp="2022-10-06T00:31:48 IST" skipped="0">
  <testcase classname="Selenium.tests.ErrorValidations" name="submitOrder" time="0.633"/>
  <system-out/>
</testsuite> <!-- Selenium.tests.ErrorValidations -->
