<?xml version="1.0" encoding="UTF-8"?>
<!-- Generated by org.testng.reporters.JUnitReportReporter -->
<testsuite hostname="LAPTOP-VFKJ2SC9" failures="0" tests="1" name="Selenium.tests.SubmitOrder" time="3.335" errors="0" timestamp="2022-10-06T00:05:01 IST" skipped="0">
  <testcase classname="Selenium.tests.SubmitOrder" name="submitOrder" time="3.335"/>
  <system-out/>
</testsuite> <!-- Selenium.tests.SubmitOrder -->
